The system is: CYGWIN - 3.0.7(0.338/5/3) - x86_64
Compiling the C compiler identification source file "CMakeCCompilerId.c" succeeded.
Compiler: C:/cygwin64/bin/clang-8.exe 
Build flags: 
Id flags:  

The output was:
0


Compilation of the C compiler identification source "CMakeCCompilerId.c" produced "a.exe"

The C compiler identification is Clang, found in "/cygdrive/c/Users/cesar/CLionProjects/ZavalaCP02/cmake-build-debug/CMakeFiles/3.14.5/CompilerIdC/a.exe"

Determining if the C compiler works passed with the following output:
Change Dir: /cygdrive/c/Users/cesar/CLionProjects/ZavalaCP02/cmake-build-debug/CMakeFiles/CMakeTmp

Run Build Command(s):/usr/bin/make.exe cmTC_68bdc/fast 
/usr/bin/make -f CMakeFiles/cmTC_68bdc.dir/build.make CMakeFiles/cmTC_68bdc.dir/build
make[1]: Entering directory '/cygdrive/c/Users/cesar/CLionProjects/ZavalaCP02/cmake-build-debug/CMakeFiles/CMakeTmp'
Building C object CMakeFiles/cmTC_68bdc.dir/testCCompiler.c.o
C:/cygwin64/bin/clang-8.exe    -o CMakeFiles/cmTC_68bdc.dir/testCCompiler.c.o   -c /cygdrive/c/Users/cesar/CLionProjects/ZavalaCP02/cmake-build-debug/CMakeFiles/CMakeTmp/testCCompiler.c
Linking C executable cmTC_68bdc.exe
/cygdrive/c/Users/cesar/.CLion2019.2/system/cygwin_cmake/bin/cmake.exe -E cmake_link_script CMakeFiles/cmTC_68bdc.dir/link.txt --verbose=1
C:/cygwin64/bin/clang-8.exe    -Wl,--enable-auto-import  CMakeFiles/cmTC_68bdc.dir/testCCompiler.c.o  -o cmTC_68bdc.exe -Wl,--out-implib,libcmTC_68bdc.dll.a -Wl,--major-image-version,0,--minor-image-version,0 
make[1]: Leaving directory '/cygdrive/c/Users/cesar/CLionProjects/ZavalaCP02/cmake-build-debug/CMakeFiles/CMakeTmp'


Detecting C compiler ABI info compiled with the following output:
Change Dir: /cygdrive/c/Users/cesar/CLionProjects/ZavalaCP02/cmake-build-debug/CMakeFiles/CMakeTmp

Run Build Command(s):/usr/bin/make.exe cmTC_f3b65/fast 
/usr/bin/make -f CMakeFiles/cmTC_f3b65.dir/build.make CMakeFiles/cmTC_f3b65.dir/build
make[1]: Entering directory '/cygdrive/c/Users/cesar/CLionProjects/ZavalaCP02/cmake-build-debug/CMakeFiles/CMakeTmp'
Building C object CMakeFiles/cmTC_f3b65.dir/CMakeCCompilerABI.c.o
C:/cygwin64/bin/clang-8.exe   -v -o CMakeFiles/cmTC_f3b65.dir/CMakeCCompilerABI.c.o   -c /cygdrive/c/Users/cesar/.CLion2019.2/system/cygwin_cmake/share/cmake-3.14.5/Modules/CMakeCCompilerABI.c
clang version 8.0.1 (tags/RELEASE_801/final)
Target: x86_64-unknown-windows-cygnus
Thread model: posix
InstalledDir: /usr/bin
 "/usr/bin/clang-8" -cc1 -triple x86_64-unknown-windows-cygnus -emit-obj -mrelax-all -disable-free -disable-llvm-verifier -discard-value-names -main-file-name CMakeCCompilerABI.c -mrelocation-model pic -pic-level 2 -mthread-model posix -fmath-errno -masm-verbose -mconstructor-aliases -munwind-tables -target-cpu x86-64 -dwarf-column-info -debugger-tuning=gdb -momit-leaf-frame-pointer -v -coverage-notes-file /cygdrive/c/Users/cesar/CLionProjects/ZavalaCP02/cmake-build-debug/CMakeFiles/CMakeTmp/CMakeFiles/cmTC_f3b65.dir/CMakeCCompilerABI.c.gcno -resource-dir /usr/lib/clang/8.0.1 -internal-isystem /usr/lib/clang/8.0.1/include -internal-isystem /usr/local/include -internal-isystem /usr/lib/clang/8.0.1/include -internal-isystem /usr/x86_64-pc-cygwin/include -internal-isystem /usr/include -internal-isystem /usr/include/w32api -fdebug-compilation-dir /cygdrive/c/Users/cesar/CLionProjects/ZavalaCP02/cmake-build-debug/CMakeFiles/CMakeTmp -ferror-limit 19 -fmessage-length 0 -fobjc-runtime=gcc -fseh-exceptions -fdiagnostics-show-option -o CMakeFiles/cmTC_f3b65.dir/CMakeCCompilerABI.c.o -x c /cygdrive/c/Users/cesar/.CLion2019.2/system/cygwin_cmake/share/cmake-3.14.5/Modules/CMakeCCompilerABI.c -faddrsig
clang -cc1 version 8.0.1 based upon LLVM 8.0.1 default target x86_64-unknown-cygwin
ignoring nonexistent directory "/usr/local/include"
ignoring nonexistent directory "/usr/x86_64-pc-cygwin/include"
ignoring duplicate directory "/usr/lib/clang/8.0.1/include"
#include "..." search starts here:
#include <...> search starts here:
 /usr/lib/clang/8.0.1/include
 /usr/include
 /usr/include/w32api
End of search list.
Linking C executable cmTC_f3b65.exe
/cygdrive/c/Users/cesar/.CLion2019.2/system/cygwin_cmake/bin/cmake.exe -E cmake_link_script CMakeFiles/cmTC_f3b65.dir/link.txt --verbose=1
C:/cygwin64/bin/clang-8.exe    -Wl,--enable-auto-import -v CMakeFiles/cmTC_f3b65.dir/CMakeCCompilerABI.c.o  -o cmTC_f3b65.exe -Wl,--out-implib,libcmTC_f3b65.dll.a -Wl,--major-image-version,0,--minor-image-version,0 
clang version 8.0.1 (tags/RELEASE_801/final)
Target: x86_64-unknown-windows-cygnus
Thread model: posix
InstalledDir: /usr/bin
 "/usr/bin/ld" -m i386pep --wrap _Znwm --wrap _Znam --wrap _ZnwmRKSt9nothrow_t --wrap _ZnamRKSt9nothrow_t --wrap _ZdlPv --wrap _ZdaPv --wrap _ZdlPvRKSt9nothrow_t --wrap _ZdaPvKSt9nothrow_t -Bdynamic --tsaware -o cmTC_f3b65.exe /usr/lib/crt0.o /usr/lib/gcc/x86_64-pc-cygwin/7.4.0/crtbegin.o -L/usr/lib/gcc/x86_64-pc-cygwin/7.4.0 -L/usr/x86_64-pc-cygwin/lib -L/usr/lib -L/usr/lib/w32api --enable-auto-import CMakeFiles/cmTC_f3b65.dir/CMakeCCompilerABI.c.o --out-implib libcmTC_f3b65.dll.a --major-image-version 0 --minor-image-version 0 -lgcc_s -lgcc -lcygwin -ladvapi32 -lshell32 -luser32 -lkernel32 /usr/lib/default-manifest.o /usr/lib/gcc/x86_64-pc-cygwin/7.4.0/crtend.o
make[1]: Leaving directory '/cygdrive/c/Users/cesar/CLionProjects/ZavalaCP02/cmake-build-debug/CMakeFiles/CMakeTmp'


Parsed C implicit include dir info from above output: rv=done
  found start of include info
  found start of implicit include info
    add: [/usr/lib/clang/8.0.1/include]
    add: [/usr/include]
    add: [/usr/include/w32api]
  end of search list found
  collapse include dir [/usr/lib/clang/8.0.1/include] ==> [/usr/lib/clang/8.0.1/include]
  collapse include dir [/usr/include] ==> [/usr/include]
  collapse include dir [/usr/include/w32api] ==> [/usr/include/w32api]
  implicit include dirs: [/usr/lib/clang/8.0.1/include;/usr/include;/usr/include/w32api]


Parsed C implicit link information from above output:
  link line regex: [^( *|.*[/\])(ld\.exe|CMAKE_LINK_STARTFILE-NOTFOUND|([^/\]+-)?ld|collect2)[^/\]*( |$)]
  ignore line: [Change Dir: /cygdrive/c/Users/cesar/CLionProjects/ZavalaCP02/cmake-build-debug/CMakeFiles/CMakeTmp]
  ignore line: []
  ignore line: [Run Build Command(s):/usr/bin/make.exe cmTC_f3b65/fast ]
  ignore line: [/usr/bin/make -f CMakeFiles/cmTC_f3b65.dir/build.make CMakeFiles/cmTC_f3b65.dir/build]
  ignore line: [make[1]: Entering directory '/cygdrive/c/Users/cesar/CLionProjects/ZavalaCP02/cmake-build-debug/CMakeFiles/CMakeTmp']
  ignore line: [Building C object CMakeFiles/cmTC_f3b65.dir/CMakeCCompilerABI.c.o]
  ignore line: [C:/cygwin64/bin/clang-8.exe   -v -o CMakeFiles/cmTC_f3b65.dir/CMakeCCompilerABI.c.o   -c /cygdrive/c/Users/cesar/.CLion2019.2/system/cygwin_cmake/share/cmake-3.14.5/Modules/CMakeCCompilerABI.c]
  ignore line: [clang version 8.0.1 (tags/RELEASE_801/final)]
  ignore line: [Target: x86_64-unknown-windows-cygnus]
  ignore line: [Thread model: posix]
  ignore line: [InstalledDir: /usr/bin]
  ignore line: [ "/usr/bin/clang-8" -cc1 -triple x86_64-unknown-windows-cygnus -emit-obj -mrelax-all -disable-free -disable-llvm-verifier -discard-value-names -main-file-name CMakeCCompilerABI.c -mrelocation-model pic -pic-level 2 -mthread-model posix -fmath-errno -masm-verbose -mconstructor-aliases -munwind-tables -target-cpu x86-64 -dwarf-column-info -debugger-tuning=gdb -momit-leaf-frame-pointer -v -coverage-notes-file /cygdrive/c/Users/cesar/CLionProjects/ZavalaCP02/cmake-build-debug/CMakeFiles/CMakeTmp/CMakeFiles/cmTC_f3b65.dir/CMakeCCompilerABI.c.gcno -resource-dir /usr/lib/clang/8.0.1 -internal-isystem /usr/lib/clang/8.0.1/include -internal-isystem /usr/local/include -internal-isystem /usr/lib/clang/8.0.1/include -internal-isystem /usr/x86_64-pc-cygwin/include -internal-isystem /usr/include -internal-isystem /usr/include/w32api -fdebug-compilation-dir /cygdrive/c/Users/cesar/CLionProjects/ZavalaCP02/cmake-build-debug/CMakeFiles/CMakeTmp -ferror-limit 19 -fmessage-length 0 -fobjc-runtime=gcc -fseh-exceptions -fdiagnostics-show-option -o CMakeFiles/cmTC_f3b65.dir/CMakeCCompilerABI.c.o -x c /cygdrive/c/Users/cesar/.CLion2019.2/system/cygwin_cmake/share/cmake-3.14.5/Modules/CMakeCCompilerABI.c -faddrsig]
  ignore line: [clang -cc1 version 8.0.1 based upon LLVM 8.0.1 default target x86_64-unknown-cygwin]
  ignore line: [ignoring nonexistent directory "/usr/local/include"]
  ignore line: [ignoring nonexistent directory "/usr/x86_64-pc-cygwin/include"]
  ignore line: [ignoring duplicate directory "/usr/lib/clang/8.0.1/include"]
  ignore line: [#include "..." search starts here:]
  ignore line: [#include <...> search starts here:]
  ignore line: [ /usr/lib/clang/8.0.1/include]
  ignore line: [ /usr/include]
  ignore line: [ /usr/include/w32api]
  ignore line: [End of search list.]
  ignore line: [Linking C executable cmTC_f3b65.exe]
  ignore line: [/cygdrive/c/Users/cesar/.CLion2019.2/system/cygwin_cmake/bin/cmake.exe -E cmake_link_script CMakeFiles/cmTC_f3b65.dir/link.txt --verbose=1]
  ignore line: [C:/cygwin64/bin/clang-8.exe    -Wl,--enable-auto-import -v CMakeFiles/cmTC_f3b65.dir/CMakeCCompilerABI.c.o  -o cmTC_f3b65.exe -Wl,--out-implib,libcmTC_f3b65.dll.a -Wl,--major-image-version,0,--minor-image-version,0 ]
  ignore line: [clang version 8.0.1 (tags/RELEASE_801/final)]
  ignore line: [Target: x86_64-unknown-windows-cygnus]
  ignore line: [Thread model: posix]
  ignore line: [InstalledDir: /usr/bin]
  link line: [ "/usr/bin/ld" -m i386pep --wrap _Znwm --wrap _Znam --wrap _ZnwmRKSt9nothrow_t --wrap _ZnamRKSt9nothrow_t --wrap _ZdlPv --wrap _ZdaPv --wrap _ZdlPvRKSt9nothrow_t --wrap _ZdaPvKSt9nothrow_t -Bdynamic --tsaware -o cmTC_f3b65.exe /usr/lib/crt0.o /usr/lib/gcc/x86_64-pc-cygwin/7.4.0/crtbegin.o -L/usr/lib/gcc/x86_64-pc-cygwin/7.4.0 -L/usr/x86_64-pc-cygwin/lib -L/usr/lib -L/usr/lib/w32api --enable-auto-import CMakeFiles/cmTC_f3b65.dir/CMakeCCompilerABI.c.o --out-implib libcmTC_f3b65.dll.a --major-image-version 0 --minor-image-version 0 -lgcc_s -lgcc -lcygwin -ladvapi32 -lshell32 -luser32 -lkernel32 /usr/lib/default-manifest.o /usr/lib/gcc/x86_64-pc-cygwin/7.4.0/crtend.o]
    arg [/usr/bin/ld] ==> ignore
    arg [-m] ==> ignore
    arg [i386pep] ==> ignore
    arg [--wrap] ==> ignore
    arg [_Znwm] ==> ignore
    arg [--wrap] ==> ignore
    arg [_Znam] ==> ignore
    arg [--wrap] ==> ignore
    arg [_ZnwmRKSt9nothrow_t] ==> ignore
    arg [--wrap] ==> ignore
    arg [_ZnamRKSt9nothrow_t] ==> ignore
    arg [--wrap] ==> ignore
    arg [_ZdlPv] ==> ignore
    arg [--wrap] ==> ignore
    arg [_ZdaPv] ==> ignore
    arg [--wrap] ==> ignore
    arg [_ZdlPvRKSt9nothrow_t] ==> ignore
    arg [--wrap] ==> ignore
    arg [_ZdaPvKSt9nothrow_t] ==> ignore
    arg [-Bdynamic] ==> ignore
    arg [--tsaware] ==> ignore
    arg [-o] ==> ignore
    arg [cmTC_f3b65.exe] ==> ignore
    arg [/usr/lib/crt0.o] ==> ignore
    arg [/usr/lib/gcc/x86_64-pc-cygwin/7.4.0/crtbegin.o] ==> ignore
    arg [-L/usr/lib/gcc/x86_64-pc-cygwin/7.4.0] ==> dir [/usr/lib/gcc/x86_64-pc-cygwin/7.4.0]
    arg [-L/usr/x86_64-pc-cygwin/lib] ==> dir [/usr/x86_64-pc-cygwin/lib]
    arg [-L/usr/lib] ==> dir [/usr/lib]
    arg [-L/usr/lib/w32api] ==> dir [/usr/lib/w32api]
    arg [--enable-auto-import] ==> ignore
    arg [CMakeFiles/cmTC_f3b65.dir/CMakeCCompilerABI.c.o] ==> ignore
    arg [--out-implib] ==> ignore
    arg [libcmTC_f3b65.dll.a] ==> ignore
    arg [--major-image-version] ==> ignore
    arg [0] ==> ignore
    arg [--minor-image-version] ==> ignore
    arg [0] ==> ignore
    arg [-lgcc_s] ==> lib [gcc_s]
    arg [-lgcc] ==> lib [gcc]
    arg [-lcygwin] ==> lib [cygwin]
    arg [-ladvapi32] ==> lib [advapi32]
    arg [-lshell32] ==> lib [shell32]
    arg [-luser32] ==> lib [user32]
    arg [-lkernel32] ==> lib [kernel32]
    arg [/usr/lib/default-manifest.o] ==> ignore
    arg [/usr/lib/gcc/x86_64-pc-cygwin/7.4.0/crtend.o] ==> ignore
  collapse library dir [/usr/lib/gcc/x86_64-pc-cygwin/7.4.0] ==> [/usr/lib/gcc/x86_64-pc-cygwin/7.4.0]
  collapse library dir [/usr/x86_64-pc-cygwin/lib] ==> [/usr/x86_64-pc-cygwin/lib]
  collapse library dir [/usr/lib] ==> [/usr/lib]
  collapse library dir [/usr/lib/w32api] ==> [/usr/lib/w32api]
  implicit libs: [gcc_s;gcc;cygwin;advapi32;shell32;user32;kernel32]
  implicit dirs: [/usr/lib/gcc/x86_64-pc-cygwin/7.4.0;/usr/x86_64-pc-cygwin/lib;/usr/lib;/usr/lib/w32api]
  implicit fwks: []




Detecting C [-std=c11] compiler features compiled with the following output:
Change Dir: /cygdrive/c/Users/cesar/CLionProjects/ZavalaCP02/cmake-build-debug/CMakeFiles/CMakeTmp

Run Build Command(s):/usr/bin/make.exe cmTC_17f7e/fast 
/usr/bin/make -f CMakeFiles/cmTC_17f7e.dir/build.make CMakeFiles/cmTC_17f7e.dir/build
make[1]: Entering directory '/cygdrive/c/Users/cesar/CLionProjects/ZavalaCP02/cmake-build-debug/CMakeFiles/CMakeTmp'
Building C object CMakeFiles/cmTC_17f7e.dir/feature_tests.c.o
C:/cygwin64/bin/clang-8.exe   -std=c11 -o CMakeFiles/cmTC_17f7e.dir/feature_tests.c.o   -c /cygdrive/c/Users/cesar/CLionProjects/ZavalaCP02/cmake-build-debug/CMakeFiles/feature_tests.c
Linking C executable cmTC_17f7e.exe
/cygdrive/c/Users/cesar/.CLion2019.2/system/cygwin_cmake/bin/cmake.exe -E cmake_link_script CMakeFiles/cmTC_17f7e.dir/link.txt --verbose=1
C:/cygwin64/bin/clang-8.exe    -Wl,--enable-auto-import  CMakeFiles/cmTC_17f7e.dir/feature_tests.c.o  -o cmTC_17f7e.exe -Wl,--out-implib,libcmTC_17f7e.dll.a -Wl,--major-image-version,0,--minor-image-version,0 
make[1]: Leaving directory '/cygdrive/c/Users/cesar/CLionProjects/ZavalaCP02/cmake-build-debug/CMakeFiles/CMakeTmp'


    Feature record: C_FEATURE:1c_function_prototypes
    Feature record: C_FEATURE:1c_restrict
    Feature record: C_FEATURE:1c_static_assert
    Feature record: C_FEATURE:1c_variadic_macros


Detecting C [-std=c99] compiler features compiled with the following output:
Change Dir: /cygdrive/c/Users/cesar/CLionProjects/ZavalaCP02/cmake-build-debug/CMakeFiles/CMakeTmp

Run Build Command(s):/usr/bin/make.exe cmTC_92c3d/fast 
/usr/bin/make -f CMakeFiles/cmTC_92c3d.dir/build.make CMakeFiles/cmTC_92c3d.dir/build
make[1]: Entering directory '/cygdrive/c/Users/cesar/CLionProjects/ZavalaCP02/cmake-build-debug/CMakeFiles/CMakeTmp'
Building C object CMakeFiles/cmTC_92c3d.dir/feature_tests.c.o
C:/cygwin64/bin/clang-8.exe   -std=c99 -o CMakeFiles/cmTC_92c3d.dir/feature_tests.c.o   -c /cygdrive/c/Users/cesar/CLionProjects/ZavalaCP02/cmake-build-debug/CMakeFiles/feature_tests.c
Linking C executable cmTC_92c3d.exe
/cygdrive/c/Users/cesar/.CLion2019.2/system/cygwin_cmake/bin/cmake.exe -E cmake_link_script CMakeFiles/cmTC_92c3d.dir/link.txt --verbose=1
C:/cygwin64/bin/clang-8.exe    -Wl,--enable-auto-import  CMakeFiles/cmTC_92c3d.dir/feature_tests.c.o  -o cmTC_92c3d.exe -Wl,--out-implib,libcmTC_92c3d.dll.a -Wl,--major-image-version,0,--minor-image-version,0 
make[1]: Leaving directory '/cygdrive/c/Users/cesar/CLionProjects/ZavalaCP02/cmake-build-debug/CMakeFiles/CMakeTmp'


    Feature record: C_FEATURE:1c_function_prototypes
    Feature record: C_FEATURE:1c_restrict
    Feature record: C_FEATURE:0c_static_assert
    Feature record: C_FEATURE:1c_variadic_macros


Detecting C [-std=c90] compiler features compiled with the following output:
Change Dir: /cygdrive/c/Users/cesar/CLionProjects/ZavalaCP02/cmake-build-debug/CMakeFiles/CMakeTmp

Run Build Command(s):/usr/bin/make.exe cmTC_8dfb0/fast 
/usr/bin/make -f CMakeFiles/cmTC_8dfb0.dir/build.make CMakeFiles/cmTC_8dfb0.dir/build
make[1]: Entering directory '/cygdrive/c/Users/cesar/CLionProjects/ZavalaCP02/cmake-build-debug/CMakeFiles/CMakeTmp'
Building C object CMakeFiles/cmTC_8dfb0.dir/feature_tests.c.o
C:/cygwin64/bin/clang-8.exe   -std=c90 -o CMakeFiles/cmTC_8dfb0.dir/feature_tests.c.o   -c /cygdrive/c/Users/cesar/CLionProjects/ZavalaCP02/cmake-build-debug/CMakeFiles/feature_tests.c
Linking C executable cmTC_8dfb0.exe
/cygdrive/c/Users/cesar/.CLion2019.2/system/cygwin_cmake/bin/cmake.exe -E cmake_link_script CMakeFiles/cmTC_8dfb0.dir/link.txt --verbose=1
C:/cygwin64/bin/clang-8.exe    -Wl,--enable-auto-import  CMakeFiles/cmTC_8dfb0.dir/feature_tests.c.o  -o cmTC_8dfb0.exe -Wl,--out-implib,libcmTC_8dfb0.dll.a -Wl,--major-image-version,0,--minor-image-version,0 
make[1]: Leaving directory '/cygdrive/c/Users/cesar/CLionProjects/ZavalaCP02/cmake-build-debug/CMakeFiles/CMakeTmp'


    Feature record: C_FEATURE:1c_function_prototypes
    Feature record: C_FEATURE:0c_restrict
    Feature record: C_FEATURE:0c_static_assert
    Feature record: C_FEATURE:0c_variadic_macros
